<?xml version="1.0" encoding="UTF-8"?>
<testng-results ignored="0" total="1" passed="1" failed="0" skipped="0">
  <reporter-output>
  </reporter-output>
  <suite started-at="2021-12-17T10:46:06 IST" name="Default suite" finished-at="2021-12-17T10:46:18 IST" duration-ms="11559">
    <groups>
    </groups>
    <test started-at="2021-12-17T10:46:06 IST" name="Default test" finished-at="2021-12-17T10:46:18 IST" duration-ms="11559">
      <class name="Practice.AutoSuggestion">
        <test-method signature="amazonSuggestion()[pri:0, instance:Practice.AutoSuggestion@f5acb9d]" started-at="2021-12-17T10:46:06 IST" name="amazonSuggestion" finished-at="2021-12-17T10:46:18 IST" duration-ms="11516" status="PASS">
          <reporter-output>
          </reporter-output>
        </test-method> <!-- amazonSuggestion -->
      </class> <!-- Practice.AutoSuggestion -->
    </test> <!-- Default test -->
  </suite> <!-- Default suite -->
</testng-results>
